
[root@localhost wlan]# cd atheros/
[root@localhost atheros]# make
Checking if all requirements are met... ok.
mkdir -p ./symbols
for i in ./ath_hal ath_rate/onoe ./net80211 ./ath; do \
        (cd $i; make) || exit 1; \
done
make[1]: Entering directory `/works/wlan/atheros/ath_hal'
cp ./../hal/linux/ah_osdep.c ah_osdep.c
uudecode ./../hal/public/xscale-be-elf.hal.o.uu
cp ./../hal/public/xscale-be-elf.opt_ah.h opt_ah.h
make -C /cygdrive/d/ixp_works/linux-2.4.x SUBDIRS=/works/wlan/atheros/ath_hal MODVERDIR=/works/wlan/atheros/ath_hal/../symbols modules
make[2]: Entering directory `/cygdrive/d/ixp_works/linux-2.4.x'
make -C  /works/wlan/atheros/ath_hal CFLAGS="-D__KERNEL__ -I/cygdrive/d/ixp_works/linux-2.4.x/include  -Wall -Wstrict-prototypes -Wno-trigraphs -Os -fno-strict-aliasing -fno-common -Uarm -fno-common -pipe -mapcs-32 -D__LINUX_ARM_ARCH__=5 -mcpu=xscale -mtune=xscale -mshort-load-bytes -msoft-float -Uarm -DMODULE" MAKING_MODULES=1 modules
make[3]: Entering directory `/works/wlan/atheros/ath_hal'
/arm-linux/bin/arm-linux-gcc -D__KERNEL__ -I/cygdrive/d/ixp_works/linux-2.4.x/include  
-Wall -Wstrict-prototypes -Wno-trigraphs -Os 
-fno-strict-aliasing -fno-common -Uarm -fno-common 
-pipe -mapcs-32 -D__LINUX_ARM_ARCH__=5 -mcpu=xscale -mtune=xscale 
-mshort-load-bytes -msoft-float -Uarm 
-DMODULE -include ./../include/compat.h -I./../include -I./../hal -I./../hal/linux 
-I./../hal/public -I./../ath_hal -I./.. -DAH_BYTE_ORDER=AH_BIG_ENDIAN 
-DAH_REGOPS_FUNC -march=armv4 
-mbig-endian -fno-strict-aliasing -fno-common -mapcs-32 
-mtune=xscale  -mshort-load-bytes -msoft-float -mfp=2 
-nostdinc -iwithprefix include -DKBUILD_BASENAME=ah_osdep  
-DEXPORT_SYMTAB -c ah_osdep.c


cc1: warning: switch -mcpu=xscale conflicts with -march= switch
uudecode ./../hal/public/xscale-be-elf.hal.o.uu
/arm-linux/bin/arm-linux-ld -EB -o ath_hal.o -r ah_osdep.o hal.o
make[3]: Leaving directory `/works/wlan/atheros/ath_hal'
make[2]: Leaving directory `/cygdrive/d/ixp_works/linux-2.4.x'
make[1]: Leaving directory `/works/wlan/atheros/ath_hal'



make[1]: Entering directory `/works/wlan/atheros/ath_rate/onoe'
make -C /cygdrive/d/ixp_works/linux-2.4.x SUBDIRS=/works/wlan/atheros/ath_rate/onoe MODVERDIR=/works/wlan/atheros/ath_rate/onoe/../../symbols modules
make[2]: Entering directory `/cygdrive/d/ixp_works/linux-2.4.x'
make -C  /works/wlan/atheros/ath_rate/onoe CFLAGS="-D__KERNEL__ -I/cygdrive/d/ixp_works/linux-2.4.x/include  -Wall -Wstrict-prototypes -Wno-trigraphs -Os -fno-strict-aliasing -fno-common -Uarm -fno-common -pipe -mapcs-32 -D__LINUX_ARM_ARCH__=5 -mcpu=xscale -mtune=xscale -mshort-load-bytes -msoft-float -Uarm -DMODULE" MAKING_MODULES=1 modules
make[3]: Entering directory `/works/wlan/atheros/ath_rate/onoe'
/arm-linux/bin/arm-linux-gcc -D__KERNEL__ -I/cygdrive/d/ixp_works/linux-2.4.x/include  -Wall -Wstrict-prototypes -Wno-trigraphs -Os -fno-strict-aliasing -fno-common -Uarm -fno-common -pipe -mapcs-32 -D__LINUX_ARM_ARCH__=5 -mcpu=xscale -mtune=xscale -mshort-load-bytes -msoft-float -Uarm -DMODULE -include ./../../include/compat.h -I./../../include -I./../../hal -I./../../hal/linux -I./../../ath -I./../../net80211 -I./../.. -DAH_BYTE_ORDER=AH_BIG_ENDIAN -DAH_REGOPS_FUNC -march=armv4 -mbig-endian -fno-strict-aliasing -fno-common -mapcs-32 -mtune=xscale  -mshort-load-bytes -msoft-float -mfp=2 -nostdinc -iwithprefix include -DKBUILD_BASENAME=onoe  -DEXPORT_SYMTAB -c onoe.c
cc1: warning: switch -mcpu=xscale conflicts with -march= switch
/arm-linux/bin/arm-linux-ld -EB -o ath_rate_onoe.o -r onoe.o
make[3]: Leaving directory `/works/wlan/atheros/ath_rate/onoe'
make[2]: Leaving directory `/cygdrive/d/ixp_works/linux-2.4.x'
make[1]: Leaving directory `/works/wlan/atheros/ath_rate/onoe'



make[1]: Entering directory `/works/wlan/atheros/net80211'
make -C /cygdrive/d/ixp_works/linux-2.4.x SUBDIRS=/works/wlan/atheros/net80211 MODVERDIR=/works/wlan/atheros/net80211/../symbols  modules
make[2]: Entering directory `/cygdrive/d/ixp_works/linux-2.4.x'
make -C  /works/wlan/atheros/net80211 CFLAGS="-D__KERNEL__ -I/cygdrive/d/ixp_works/linux-2.4.x/include  -Wall -Wstrict-prototypes -Wno-trigraphs -Os -fno-strict-aliasing -fno-common -Uarm -fno-common -pipe -mapcs-32 -D__LINUX_ARM_ARCH__=5 -mcpu=xscale -mtune=xscale -mshort-load-bytes -msoft-float -Uarm -DMODULE" MAKING_MODULES=1 modules
make[3]: Entering directory `/works/wlan/atheros/net80211'
/arm-linux/bin/arm-linux-gcc -D__KERNEL__ -I/cygdrive/d/ixp_works/linux-2.4.x/include  -Wall -Wstrict-prototypes -Wno-trigraphs -Os -fno-strict-aliasing -fno-common -Uarm -fno-common -pipe -mapcs-32 -D__LINUX_ARM_ARCH__=5 -mcpu=xscale -mtune=xscale -mshort-load-bytes -msoft-float -Uarm -DMODULE -include ./../include/compat.h -I./../include -I./../hal -I./../hal/linux -I./../ath_hal -I./../net80211 -I./.. -DAH_BYTE_ORDER=AH_BIG_ENDIAN -DAH_REGOPS_FUNC -march=armv4 -mbig-endian -fno-strict-aliasing -fno-common -mapcs-32 -mtune=xscale  -mshort-load-bytes -msoft-float -mfp=2 -nostdinc -iwithprefix include -DKBUILD_BASENAME=if_media  -DEXPORT_SYMTAB -c if_media.c
cc1: warning: switch -mcpu=xscale conflicts with -march= switch
/arm-linux/bin/arm-linux-gcc -D__KERNEL__ -I/cygdrive/d/ixp_works/linux-2.4.x/include  -Wall -Wstrict-prototypes -Wno-trigraphs -Os -fno-strict-aliasing -fno-common -Uarm -fno-common -pipe -mapcs-32 -D__LINUX_ARM_ARCH__=5 -mcpu=xscale -mtune=xscale -mshort-load-bytes -msoft-float -Uarm -DMODULE -include ./../include/compat.h -I./../include -I./../hal -I./../hal/linux -I./../ath_hal -I./../net80211 -I./.. -DAH_BYTE_ORDER=AH_BIG_ENDIAN -DAH_REGOPS_FUNC -march=armv4 -mbig-endian -fno-strict-aliasing -fno-common -mapcs-32 -mtune=xscale  -mshort-load-bytes -msoft-float -mfp=2 -nostdinc -iwithprefix include -DKBUILD_BASENAME=rc4  -DEXPORT_SYMTAB -c rc4.c
cc1: warning: switch -mcpu=xscale conflicts with -march= switch
/arm-linux/bin/arm-linux-gcc -D__KERNEL__ -I/cygdrive/d/ixp_works/linux-2.4.x/include  -Wall -Wstrict-prototypes -Wno-trigraphs -Os -fno-strict-aliasing -fno-common -Uarm -fno-common -pipe -mapcs-32 -D__LINUX_ARM_ARCH__=5 -mcpu=xscale -mtune=xscale -mshort-load-bytes -msoft-float -Uarm -DMODULE -include ./../include/compat.h -I./../include -I./../hal -I./../hal/linux -I./../ath_hal -I./../net80211 -I./.. -DAH_BYTE_ORDER=AH_BIG_ENDIAN -DAH_REGOPS_FUNC -march=armv4 -mbig-endian -fno-strict-aliasing -fno-common -mapcs-32 -mtune=xscale  -mshort-load-bytes -msoft-float -mfp=2 -nostdinc -iwithprefix include -DKBUILD_BASENAME=ieee80211  -DEXPORT_SYMTAB -c ieee80211.c
cc1: warning: switch -mcpu=xscale conflicts with -march= switch
/arm-linux/bin/arm-linux-gcc -D__KERNEL__ -I/cygdrive/d/ixp_works/linux-2.4.x/include  -Wall -Wstrict-prototypes -Wno-trigraphs -Os -fno-strict-aliasing -fno-common -Uarm -fno-common -pipe -mapcs-32 -D__LINUX_ARM_ARCH__=5 -mcpu=xscale -mtune=xscale -mshort-load-bytes -msoft-float -Uarm -DMODULE -include ./../include/compat.h -I./../include -I./../hal -I./../hal/linux -I./../ath_hal -I./../net80211 -I./.. -DAH_BYTE_ORDER=AH_BIG_ENDIAN -DAH_REGOPS_FUNC -march=armv4 -mbig-endian -fno-strict-aliasing -fno-common -mapcs-32 -mtune=xscale  -mshort-load-bytes -msoft-float -mfp=2 -nostdinc -iwithprefix include -DKBUILD_BASENAME=ieee80211_crypto  -DEXPORT_SYMTAB -c ieee80211_crypto.c
cc1: warning: switch -mcpu=xscale conflicts with -march= switch
/arm-linux/bin/arm-linux-gcc -D__KERNEL__ -I/cygdrive/d/ixp_works/linux-2.4.x/include  -Wall -Wstrict-prototypes -Wno-trigraphs -Os -fno-strict-aliasing -fno-common -Uarm -fno-common -pipe -mapcs-32 -D__LINUX_ARM_ARCH__=5 -mcpu=xscale -mtune=xscale -mshort-load-bytes -msoft-float -Uarm -DMODULE -include ./../include/compat.h -I./../include -I./../hal -I./../hal/linux -I./../ath_hal -I./../net80211 -I./.. -DAH_BYTE_ORDER=AH_BIG_ENDIAN -DAH_REGOPS_FUNC -march=armv4 -mbig-endian -fno-strict-aliasing -fno-common -mapcs-32 -mtune=xscale  -mshort-load-bytes -msoft-float -mfp=2 -nostdinc -iwithprefix include -DKBUILD_BASENAME=ieee80211_input  -DEXPORT_SYMTAB -c ieee80211_input.c
cc1: warning: switch -mcpu=xscale conflicts with -march= switch
/arm-linux/bin/arm-linux-gcc -D__KERNEL__ -I/cygdrive/d/ixp_works/linux-2.4.x/include  -Wall -Wstrict-prototypes -Wno-trigraphs -Os -fno-strict-aliasing -fno-common -Uarm -fno-common -pipe -mapcs-32 -D__LINUX_ARM_ARCH__=5 -mcpu=xscale -mtune=xscale -mshort-load-bytes -msoft-float -Uarm -DMODULE -include ./../include/compat.h -I./../include -I./../hal -I./../hal/linux -I./../ath_hal -I./../net80211 -I./.. -DAH_BYTE_ORDER=AH_BIG_ENDIAN -DAH_REGOPS_FUNC -march=armv4 -mbig-endian -fno-strict-aliasing -fno-common -mapcs-32 -mtune=xscale  -mshort-load-bytes -msoft-float -mfp=2 -nostdinc -iwithprefix include -DKBUILD_BASENAME=ieee80211_node  -DEXPORT_SYMTAB -c ieee80211_node.c
cc1: warning: switch -mcpu=xscale conflicts with -march= switch
/arm-linux/bin/arm-linux-gcc -D__KERNEL__ -I/cygdrive/d/ixp_works/linux-2.4.x/include  -Wall -Wstrict-prototypes -Wno-trigraphs -Os -fno-strict-aliasing -fno-common -Uarm -fno-common -pipe -mapcs-32 -D__LINUX_ARM_ARCH__=5 -mcpu=xscale -mtune=xscale -mshort-load-bytes -msoft-float -Uarm -DMODULE -include ./../include/compat.h -I./../include -I./../hal -I./../hal/linux -I./../ath_hal -I./../net80211 -I./.. -DAH_BYTE_ORDER=AH_BIG_ENDIAN -DAH_REGOPS_FUNC -march=armv4 -mbig-endian -fno-strict-aliasing -fno-common -mapcs-32 -mtune=xscale  -mshort-load-bytes -msoft-float -mfp=2 -nostdinc -iwithprefix include -DKBUILD_BASENAME=ieee80211_output  -DEXPORT_SYMTAB -c ieee80211_output.c
cc1: warning: switch -mcpu=xscale conflicts with -march= switch
/arm-linux/bin/arm-linux-gcc -D__KERNEL__ -I/cygdrive/d/ixp_works/linux-2.4.x/include  -Wall -Wstrict-prototypes -Wno-trigraphs -Os -fno-strict-aliasing -fno-common -Uarm -fno-common -pipe -mapcs-32 -D__LINUX_ARM_ARCH__=5 -mcpu=xscale -mtune=xscale -mshort-load-bytes -msoft-float -Uarm -DMODULE -include ./../include/compat.h -I./../include -I./../hal -I./../hal/linux -I./../ath_hal -I./../net80211 -I./.. -DAH_BYTE_ORDER=AH_BIG_ENDIAN -DAH_REGOPS_FUNC -march=armv4 -mbig-endian -fno-strict-aliasing -fno-common -mapcs-32 -mtune=xscale  -mshort-load-bytes -msoft-float -mfp=2 -nostdinc -iwithprefix include -DKBUILD_BASENAME=ieee80211_proto  -DEXPORT_SYMTAB -c ieee80211_proto.c
cc1: warning: switch -mcpu=xscale conflicts with -march= switch
/arm-linux/bin/arm-linux-gcc -D__KERNEL__ -I/cygdrive/d/ixp_works/linux-2.4.x/include  -Wall -Wstrict-prototypes -Wno-trigraphs -Os -fno-strict-aliasing -fno-common -Uarm -fno-common -pipe -mapcs-32 -D__LINUX_ARM_ARCH__=5 -mcpu=xscale -mtune=xscale -mshort-load-bytes -msoft-float -Uarm -DMODULE -include ./../include/compat.h -I./../include -I./../hal -I./../hal/linux -I./../ath_hal -I./../net80211 -I./.. -DAH_BYTE_ORDER=AH_BIG_ENDIAN -DAH_REGOPS_FUNC -march=armv4 -mbig-endian -fno-strict-aliasing -fno-common -mapcs-32 -mtune=xscale  -mshort-load-bytes -msoft-float -mfp=2 -nostdinc -iwithprefix include -DKBUILD_BASENAME=ieee80211_wireless  -DEXPORT_SYMTAB -c ieee80211_wireless.c
cc1: warning: switch -mcpu=xscale conflicts with -march= switch
/arm-linux/bin/arm-linux-gcc -D__KERNEL__ -I/cygdrive/d/ixp_works/linux-2.4.x/include  -Wall -Wstrict-prototypes -Wno-trigraphs -Os -fno-strict-aliasing -fno-common -Uarm -fno-common -pipe -mapcs-32 -D__LINUX_ARM_ARCH__=5 -mcpu=xscale -mtune=xscale -mshort-load-bytes -msoft-float -Uarm -DMODULE -include ./../include/compat.h -I./../include -I./../hal -I./../hal/linux -I./../ath_hal -I./../net80211 -I./.. -DAH_BYTE_ORDER=AH_BIG_ENDIAN -DAH_REGOPS_FUNC -march=armv4 -mbig-endian -fno-strict-aliasing -fno-common -mapcs-32 -mtune=xscale  -mshort-load-bytes -msoft-float -mfp=2 -nostdinc -iwithprefix include -DKBUILD_BASENAME=ieee80211_linux  -DEXPORT_SYMTAB -c ieee80211_linux.c
cc1: warning: switch -mcpu=xscale conflicts with -march= switch
/arm-linux/bin/arm-linux-gcc -D__KERNEL__ -I/cygdrive/d/ixp_works/linux-2.4.x/include  -Wall -Wstrict-prototypes -Wno-trigraphs -Os -fno-strict-aliasing -fno-common -Uarm -fno-common -pipe -mapcs-32 -D__LINUX_ARM_ARCH__=5 -mcpu=xscale -mtune=xscale -mshort-load-bytes -msoft-float -Uarm -DMODULE -include ./../include/compat.h -I./../include -I./../hal -I./../hal/linux -I./../ath_hal -I./../net80211 -I./.. -DAH_BYTE_ORDER=AH_BIG_ENDIAN -DAH_REGOPS_FUNC -march=armv4 -mbig-endian -fno-strict-aliasing -fno-common -mapcs-32 -mtune=xscale  -mshort-load-bytes -msoft-float -mfp=2 -nostdinc -iwithprefix include -DKBUILD_BASENAME=ieee80211_crypto_none  -DEXPORT_SYMTAB -c ieee80211_crypto_none.c
cc1: warning: switch -mcpu=xscale conflicts with -march= switch
/arm-linux/bin/arm-linux-ld -EB -o wlan.o -r if_media.o rc4.o ieee80211.o ieee80211_crypto.o ieee80211_input.o ieee80211_node.o ieee80211_output.o ieee80211_proto.o ieee80211_wireless.o ieee80211_linux.o ieee80211_crypto_none.o
/arm-linux/bin/arm-linux-gcc -D__KERNEL__ -I/cygdrive/d/ixp_works/linux-2.4.x/include  -Wall -Wstrict-prototypes -Wno-trigraphs -Os -fno-strict-aliasing -fno-common -Uarm -fno-common -pipe -mapcs-32 -D__LINUX_ARM_ARCH__=5 -mcpu=xscale -mtune=xscale -mshort-load-bytes -msoft-float -Uarm -DMODULE -include ./../include/compat.h -I./../include -I./../hal -I./../hal/linux -I./../ath_hal -I./../net80211 -I./.. -DAH_BYTE_ORDER=AH_BIG_ENDIAN -DAH_REGOPS_FUNC -march=armv4 -mbig-endian -fno-strict-aliasing -fno-common -mapcs-32 -mtune=xscale  -mshort-load-bytes -msoft-float -mfp=2 -nostdinc -iwithprefix include -DKBUILD_BASENAME=ieee80211_crypto_wep  -DEXPORT_SYMTAB -c ieee80211_crypto_wep.c
cc1: warning: switch -mcpu=xscale conflicts with -march= switch
/arm-linux/bin/arm-linux-ld -EB -o wlan_wep.o -r ieee80211_crypto_wep.o
/arm-linux/bin/arm-linux-gcc -D__KERNEL__ -I/cygdrive/d/ixp_works/linux-2.4.x/include  -Wall -Wstrict-prototypes -Wno-trigraphs -Os -fno-strict-aliasing -fno-common -Uarm -fno-common -pipe -mapcs-32 -D__LINUX_ARM_ARCH__=5 -mcpu=xscale -mtune=xscale -mshort-load-bytes -msoft-float -Uarm -DMODULE -include ./../include/compat.h -I./../include -I./../hal -I./../hal/linux -I./../ath_hal -I./../net80211 -I./.. -DAH_BYTE_ORDER=AH_BIG_ENDIAN -DAH_REGOPS_FUNC -march=armv4 -mbig-endian -fno-strict-aliasing -fno-common -mapcs-32 -mtune=xscale  -mshort-load-bytes -msoft-float -mfp=2 -nostdinc -iwithprefix include -DKBUILD_BASENAME=ieee80211_crypto_tkip  -DEXPORT_SYMTAB -c ieee80211_crypto_tkip.c
cc1: warning: switch -mcpu=xscale conflicts with -march= switch
/arm-linux/bin/arm-linux-ld -EB -o wlan_tkip.o -r ieee80211_crypto_tkip.o
/arm-linux/bin/arm-linux-gcc -D__KERNEL__ -I/cygdrive/d/ixp_works/linux-2.4.x/include  -Wall -Wstrict-prototypes -Wno-trigraphs -Os -fno-strict-aliasing -fno-common -Uarm -fno-common -pipe -mapcs-32 -D__LINUX_ARM_ARCH__=5 -mcpu=xscale -mtune=xscale -mshort-load-bytes -msoft-float -Uarm -DMODULE -include ./../include/compat.h -I./../include -I./../hal -I./../hal/linux -I./../ath_hal -I./../net80211 -I./.. -DAH_BYTE_ORDER=AH_BIG_ENDIAN -DAH_REGOPS_FUNC -march=armv4 -mbig-endian -fno-strict-aliasing -fno-common -mapcs-32 -mtune=xscale  -mshort-load-bytes -msoft-float -mfp=2 -nostdinc -iwithprefix include -DKBUILD_BASENAME=ieee80211_crypto_ccmp  -DEXPORT_SYMTAB -c ieee80211_crypto_ccmp.c
cc1: warning: switch -mcpu=xscale conflicts with -march= switch
/arm-linux/bin/arm-linux-ld -EB -o wlan_ccmp.o -r ieee80211_crypto_ccmp.o
/arm-linux/bin/arm-linux-gcc -D__KERNEL__ -I/cygdrive/d/ixp_works/linux-2.4.x/include  -Wall -Wstrict-prototypes -Wno-trigraphs -Os -fno-strict-aliasing -fno-common -Uarm -fno-common -pipe -mapcs-32 -D__LINUX_ARM_ARCH__=5 -mcpu=xscale -mtune=xscale -mshort-load-bytes -msoft-float -Uarm -DMODULE -include ./../include/compat.h -I./../include -I./../hal -I./../hal/linux -I./../ath_hal -I./../net80211 -I./.. -DAH_BYTE_ORDER=AH_BIG_ENDIAN -DAH_REGOPS_FUNC -march=armv4 -mbig-endian -fno-strict-aliasing -fno-common -mapcs-32 -mtune=xscale  -mshort-load-bytes -msoft-float -mfp=2 -nostdinc -iwithprefix include -DKBUILD_BASENAME=ieee80211_acl  -c -o ieee80211_acl.o ieee80211_acl.c
cc1: warning: switch -mcpu=xscale conflicts with -march= switch
/arm-linux/bin/arm-linux-ld -EB -o wlan_acl.o -r ieee80211_acl.o
/arm-linux/bin/arm-linux-gcc -D__KERNEL__ -I/cygdrive/d/ixp_works/linux-2.4.x/include  -Wall -Wstrict-prototypes -Wno-trigraphs -Os -fno-strict-aliasing -fno-common -Uarm -fno-common -pipe -mapcs-32 -D__LINUX_ARM_ARCH__=5 -mcpu=xscale -mtune=xscale -mshort-load-bytes -msoft-float -Uarm -DMODULE -include ./../include/compat.h -I./../include -I./../hal -I./../hal/linux -I./../ath_hal -I./../net80211 -I./.. -DAH_BYTE_ORDER=AH_BIG_ENDIAN -DAH_REGOPS_FUNC -march=armv4 -mbig-endian -fno-strict-aliasing -fno-common -mapcs-32 -mtune=xscale  -mshort-load-bytes -msoft-float -mfp=2 -nostdinc -iwithprefix include -DKBUILD_BASENAME=ieee80211_xauth  -DEXPORT_SYMTAB -c ieee80211_xauth.c
cc1: warning: switch -mcpu=xscale conflicts with -march= switch
/arm-linux/bin/arm-linux-ld -EB -o wlan_xauth.o -r ieee80211_xauth.o
make[3]: Leaving directory `/works/wlan/atheros/net80211'
make[2]: Leaving directory `/cygdrive/d/ixp_works/linux-2.4.x'
make[1]: Leaving directory `/works/wlan/atheros/net80211'
make[1]: Entering directory `/works/wlan/atheros/ath'
make -C /cygdrive/d/ixp_works/linux-2.4.x SUBDIRS=/works/wlan/atheros/ath MODVERDIR=/works/wlan/atheros/ath/../symbols modules
make[2]: Entering directory `/cygdrive/d/ixp_works/linux-2.4.x'
make -C  /works/wlan/atheros/ath CFLAGS="-D__KERNEL__ -I/cygdrive/d/ixp_works/linux-2.4.x/include  -Wall -Wstrict-prototypes -Wno-trigraphs -Os -fno-strict-aliasing -fno-common -Uarm -fno-common -pipe -mapcs-32 -D__LINUX_ARM_ARCH__=5 -mcpu=xscale -mtune=xscale -mshort-load-bytes -msoft-float -Uarm -DMODULE" MAKING_MODULES=1 modules
make[3]: Entering directory `/works/wlan/atheros/ath'
/arm-linux/bin/arm-linux-gcc -D__KERNEL__ -I/cygdrive/d/ixp_works/linux-2.4.x/include  -Wall -Wstrict-prototypes -Wno-trigraphs -Os -fno-strict-aliasing -fno-common -Uarm -fno-common -pipe -mapcs-32 -D__LINUX_ARM_ARCH__=5 -mcpu=xscale -mtune=xscale -mshort-load-bytes -msoft-float -Uarm -DMODULE -include ./../include/compat.h -I./../include -I./../hal -I./../hal/linux -I./../ath_hal -I./../net80211 -I./.. -DATH_PCI -DAH_BYTE_ORDER=AH_BIG_ENDIAN -DAH_REGOPS_FUNC -march=armv4 -mbig-endian -fno-strict-aliasing -fno-common -mapcs-32 -mtune=xscale  -mshort-load-bytes -msoft-float -mfp=2 -nostdinc -iwithprefix include -DKBUILD_BASENAME=if_ath  -c -o if_ath.o if_ath.c
cc1: warning: switch -mcpu=xscale conflicts with -march= switch
/arm-linux/bin/arm-linux-gcc -D__KERNEL__ -I/cygdrive/d/ixp_works/linux-2.4.x/include  -Wall -Wstrict-prototypes -Wno-trigraphs -Os -fno-strict-aliasing -fno-common -Uarm -fno-common -pipe -mapcs-32 -D__LINUX_ARM_ARCH__=5 -mcpu=xscale -mtune=xscale -mshort-load-bytes -msoft-float -Uarm -DMODULE -include ./../include/compat.h -I./../include -I./../hal -I./../hal/linux -I./../ath_hal -I./../net80211 -I./.. -DATH_PCI -DAH_BYTE_ORDER=AH_BIG_ENDIAN -DAH_REGOPS_FUNC -march=armv4 -mbig-endian -fno-strict-aliasing -fno-common -mapcs-32 -mtune=xscale  -mshort-load-bytes -msoft-float -mfp=2 -nostdinc -iwithprefix include -DKBUILD_BASENAME=if_ath_pci  -DEXPORT_SYMTAB -c if_ath_pci.c
cc1: warning: switch -mcpu=xscale conflicts with -march= switch
/arm-linux/bin/arm-linux-ld -EB -o ath_pci.o -r if_ath.o if_ath_pci.o
make[3]: Leaving directory `/works/wlan/atheros/ath'
make[2]: Leaving directory `/cygdrive/d/ixp_works/linux-2.4.x'
make[1]: Leaving directory `/works/wlan/atheros/ath'