gcc -MMD -O2 -Wall -g -DHOSTAPD_DUMP_STATE -I. -I. -I../utils -I. -I/works/wlan/atheros  -DCONFIG_IAPP -DCONFIG_RSN_PREAUTH -DCONFIG_DRIVER_HOSTAP -DCONFIG_DRIVER_MADWIFI -DEAP_MD5 -DEAP_MSCHAPv2 -DEAP_GTC -DEAP_AUTHENTICATOR -DPKCS12_FUNCS   -c -o hostapd.o hostapd.c
gcc -MMD -O2 -Wall -g -DHOSTAPD_DUMP_STATE -I. -I. -I../utils -I. -I/works/wlan/atheros  -DCONFIG_IAPP -DCONFIG_RSN_PREAUTH -DCONFIG_DRIVER_HOSTAP -DCONFIG_DRIVER_MADWIFI -DEAP_MD5 -DEAP_MSCHAPv2 -DEAP_GTC -DEAP_AUTHENTICATOR -DPKCS12_FUNCS   -c -o eloop.o eloop.c
gcc -MMD -O2 -Wall -g -DHOSTAPD_DUMP_STATE -I. -I. -I../utils -I. -I/works/wlan/atheros  -DCONFIG_IAPP -DCONFIG_RSN_PREAUTH -DCONFIG_DRIVER_HOSTAP -DCONFIG_DRIVER_MADWIFI -DEAP_MD5 -DEAP_MSCHAPv2 -DEAP_GTC -DEAP_AUTHENTICATOR -DPKCS12_FUNCS   -c -o ieee802_1x.o ieee802_1x.c
gcc -MMD -O2 -Wall -g -DHOSTAPD_DUMP_STATE -I. -I. -I../utils -I. -I/works/wlan/atheros  -DCONFIG_IAPP -DCONFIG_RSN_PREAUTH -DCONFIG_DRIVER_HOSTAP -DCONFIG_DRIVER_MADWIFI -DEAP_MD5 -DEAP_MSCHAPv2 -DEAP_GTC -DEAP_AUTHENTICATOR -DPKCS12_FUNCS   -c -o eapol_sm.o eapol_sm.c
gcc -MMD -O2 -Wall -g -DHOSTAPD_DUMP_STATE -I. -I. -I../utils -I. -I/works/wlan/atheros  -DCONFIG_IAPP -DCONFIG_RSN_PREAUTH -DCONFIG_DRIVER_HOSTAP -DCONFIG_DRIVER_MADWIFI -DEAP_MD5 -DEAP_MSCHAPv2 -DEAP_GTC -DEAP_AUTHENTICATOR -DPKCS12_FUNCS   -c -o radius.o radius.c
gcc -MMD -O2 -Wall -g -DHOSTAPD_DUMP_STATE -I. -I. -I../utils -I. -I/works/wlan/atheros  -DCONFIG_IAPP -DCONFIG_RSN_PREAUTH -DCONFIG_DRIVER_HOSTAP -DCONFIG_DRIVER_MADWIFI -DEAP_MD5 -DEAP_MSCHAPv2 -DEAP_GTC -DEAP_AUTHENTICATOR -DPKCS12_FUNCS   -c -o md5.o md5.c
gcc -MMD -O2 -Wall -g -DHOSTAPD_DUMP_STATE -I. -I. -I../utils -I. -I/works/wlan/atheros  -DCONFIG_IAPP -DCONFIG_RSN_PREAUTH -DCONFIG_DRIVER_HOSTAP -DCONFIG_DRIVER_MADWIFI -DEAP_MD5 -DEAP_MSCHAPv2 -DEAP_GTC -DEAP_AUTHENTICATOR -DPKCS12_FUNCS   -c -o rc4.o rc4.c
gcc -MMD -O2 -Wall -g -DHOSTAPD_DUMP_STATE -I. -I. -I../utils -I. -I/works/wlan/atheros  -DCONFIG_IAPP -DCONFIG_RSN_PREAUTH -DCONFIG_DRIVER_HOSTAP -DCONFIG_DRIVER_MADWIFI -DEAP_MD5 -DEAP_MSCHAPv2 -DEAP_GTC -DEAP_AUTHENTICATOR -DPKCS12_FUNCS   -c -o common.o common.c
gcc -MMD -O2 -Wall -g -DHOSTAPD_DUMP_STATE -I. -I. -I../utils -I. -I/works/wlan/atheros  -DCONFIG_IAPP -DCONFIG_RSN_PREAUTH -DCONFIG_DRIVER_HOSTAP -DCONFIG_DRIVER_MADWIFI -DEAP_MD5 -DEAP_MSCHAPv2 -DEAP_GTC -DEAP_AUTHENTICATOR -DPKCS12_FUNCS   -c -o ieee802_11.o ieee802_11.c
gcc -MMD -O2 -Wall -g -DHOSTAPD_DUMP_STATE -I. -I. -I../utils -I. -I/works/wlan/atheros  -DCONFIG_IAPP -DCONFIG_RSN_PREAUTH -DCONFIG_DRIVER_HOSTAP -DCONFIG_DRIVER_MADWIFI -DEAP_MD5 -DEAP_MSCHAPv2 -DEAP_GTC -DEAP_AUTHENTICATOR -DPKCS12_FUNCS   -c -o config.o config.c
gcc -MMD -O2 -Wall -g -DHOSTAPD_DUMP_STATE -I. -I. -I../utils -I. -I/works/wlan/atheros  -DCONFIG_IAPP -DCONFIG_RSN_PREAUTH -DCONFIG_DRIVER_HOSTAP -DCONFIG_DRIVER_MADWIFI -DEAP_MD5 -DEAP_MSCHAPv2 -DEAP_GTC -DEAP_AUTHENTICATOR -DPKCS12_FUNCS   -c -o ieee802_11_auth.o ieee802_11_auth.c
gcc -MMD -O2 -Wall -g -DHOSTAPD_DUMP_STATE -I. -I. -I../utils -I. -I/works/wlan/atheros  -DCONFIG_IAPP -DCONFIG_RSN_PREAUTH -DCONFIG_DRIVER_HOSTAP -DCONFIG_DRIVER_MADWIFI -DEAP_MD5 -DEAP_MSCHAPv2 -DEAP_GTC -DEAP_AUTHENTICATOR -DPKCS12_FUNCS   -c -o accounting.o accounting.c
gcc -MMD -O2 -Wall -g -DHOSTAPD_DUMP_STATE -I. -I. -I../utils -I. -I/works/wlan/atheros  -DCONFIG_IAPP -DCONFIG_RSN_PREAUTH -DCONFIG_DRIVER_HOSTAP -DCONFIG_DRIVER_MADWIFI -DEAP_MD5 -DEAP_MSCHAPv2 -DEAP_GTC -DEAP_AUTHENTICATOR -DPKCS12_FUNCS   -c -o sta_info.o sta_info.c
gcc -MMD -O2 -Wall -g -DHOSTAPD_DUMP_STATE -I. -I. -I../utils -I. -I/works/wlan/atheros  -DCONFIG_IAPP -DCONFIG_RSN_PREAUTH -DCONFIG_DRIVER_HOSTAP -DCONFIG_DRIVER_MADWIFI -DEAP_MD5 -DEAP_MSCHAPv2 -DEAP_GTC -DEAP_AUTHENTICATOR -DPKCS12_FUNCS   -c -o radius_client.o radius_client.c
gcc -MMD -O2 -Wall -g -DHOSTAPD_DUMP_STATE -I. -I. -I../utils -I. -I/works/wlan/atheros  -DCONFIG_IAPP -DCONFIG_RSN_PREAUTH -DCONFIG_DRIVER_HOSTAP -DCONFIG_DRIVER_MADWIFI -DEAP_MD5 -DEAP_MSCHAPv2 -DEAP_GTC -DEAP_AUTHENTICATOR -DPKCS12_FUNCS   -c -o sha1.o sha1.c
gcc -MMD -O2 -Wall -g -DHOSTAPD_DUMP_STATE -I. -I. -I../utils -I. -I/works/wlan/atheros  -DCONFIG_IAPP -DCONFIG_RSN_PREAUTH -DCONFIG_DRIVER_HOSTAP -DCONFIG_DRIVER_MADWIFI -DEAP_MD5 -DEAP_MSCHAPv2 -DEAP_GTC -DEAP_AUTHENTICATOR -DPKCS12_FUNCS   -c -o wpa.o wpa.c
gcc -MMD -O2 -Wall -g -DHOSTAPD_DUMP_STATE -I. -I. -I../utils -I. -I/works/wlan/atheros  -DCONFIG_IAPP -DCONFIG_RSN_PREAUTH -DCONFIG_DRIVER_HOSTAP -DCONFIG_DRIVER_MADWIFI -DEAP_MD5 -DEAP_MSCHAPv2 -DEAP_GTC -DEAP_AUTHENTICATOR -DPKCS12_FUNCS   -c -o aes_wrap.o aes_wrap.c
gcc -MMD -O2 -Wall -g -DHOSTAPD_DUMP_STATE -I. -I. -I../utils -I. -I/works/wlan/atheros  -DCONFIG_IAPP -DCONFIG_RSN_PREAUTH -DCONFIG_DRIVER_HOSTAP -DCONFIG_DRIVER_MADWIFI -DEAP_MD5 -DEAP_MSCHAPv2 -DEAP_GTC -DEAP_AUTHENTICATOR -DPKCS12_FUNCS   -c -o ctrl_iface.o ctrl_iface.c
rm -f driver_conf.c
echo '/* THIS FILE AUTOMATICALLY GENERATED, DO NOT EDIT! */' \
                                        > driver_conf.c
echo '#include <stdlib.h>'                      >> driver_conf.c
echo '#include <stdio.h>'                       >> driver_conf.c
echo '#include <sys/types.h>'                   >> driver_conf.c
echo '#include <netinet/in.h>'                  >> driver_conf.c
echo '#include "hostapd.h"'                     >> driver_conf.c
echo '#include "driver.h"'                      >> driver_conf.c
echo "void hostap_driver_register(void);"       >> driver_conf.c
echo "void madwifi_driver_register(void);"      >> driver_conf.c
echo 'void register_drivers(void) {'            >> driver_conf.c
echo "hostap_driver_register();"                >> driver_conf.c
echo "madwifi_driver_register();"               >> driver_conf.c
echo '}'                                        >> driver_conf.c
gcc -MMD -O2 -Wall -g -DHOSTAPD_DUMP_STATE -I. -I. -I../utils -I. -I/works/wlan/atheros  -DCONFIG_IAPP -DCONFIG_RSN_PREAUTH -DCONFIG_DRIVER_HOSTAP -DCONFIG_DRIVER_MADWIFI -DEAP_MD5 -DEAP_MSCHAPv2 -DEAP_GTC -DEAP_AUTHENTICATOR -DPKCS12_FUNCS   -c -o driver_conf.o driver_conf.c
gcc -MMD -O2 -Wall -g -DHOSTAPD_DUMP_STATE -I. -I. -I../utils -I. -I/works/wlan/atheros  -DCONFIG_IAPP -DCONFIG_RSN_PREAUTH -DCONFIG_DRIVER_HOSTAP -DCONFIG_DRIVER_MADWIFI -DEAP_MD5 -DEAP_MSCHAPv2 -DEAP_GTC -DEAP_AUTHENTICATOR -DPKCS12_FUNCS   -c -o iapp.o iapp.c
gcc -MMD -O2 -Wall -g -DHOSTAPD_DUMP_STATE -I. -I. -I../utils -I. -I/works/wlan/atheros  -DCONFIG_IAPP -DCONFIG_RSN_PREAUTH -DCONFIG_DRIVER_HOSTAP -DCONFIG_DRIVER_MADWIFI -DEAP_MD5 -DEAP_MSCHAPv2 -DEAP_GTC -DEAP_AUTHENTICATOR -DPKCS12_FUNCS   -c -o driver.o driver.c
gcc -MMD -O2 -Wall -g -DHOSTAPD_DUMP_STATE -I. -I. -I../utils -I. -I/works/wlan/atheros  -DCONFIG_IAPP -DCONFIG_RSN_PREAUTH -DCONFIG_DRIVER_HOSTAP -DCONFIG_DRIVER_MADWIFI -DEAP_MD5 -DEAP_MSCHAPv2 -DEAP_GTC -DEAP_AUTHENTICATOR -DPKCS12_FUNCS   -c -o driver_madwifi.o driver_madwifi.c
gcc -MMD -O2 -Wall -g -DHOSTAPD_DUMP_STATE -I. -I. -I../utils -I. -I/works/wlan/atheros  -DCONFIG_IAPP -DCONFIG_RSN_PREAUTH -DCONFIG_DRIVER_HOSTAP -DCONFIG_DRIVER_MADWIFI -DEAP_MD5 -DEAP_MSCHAPv2 -DEAP_GTC -DEAP_AUTHENTICATOR -DPKCS12_FUNCS   -c -o l2_packet.o l2_packet.c
gcc -MMD -O2 -Wall -g -DHOSTAPD_DUMP_STATE -I. -I. -I../utils -I. -I/works/wlan/atheros  -DCONFIG_IAPP -DCONFIG_RSN_PREAUTH -DCONFIG_DRIVER_HOSTAP -DCONFIG_DRIVER_MADWIFI -DEAP_MD5 -DEAP_MSCHAPv2 -DEAP_GTC -DEAP_AUTHENTICATOR -DPKCS12_FUNCS   -c -o eap_md5.o eap_md5.c
gcc -MMD -O2 -Wall -g -DHOSTAPD_DUMP_STATE -I. -I. -I../utils -I. -I/works/wlan/atheros  -DCONFIG_IAPP -DCONFIG_RSN_PREAUTH -DCONFIG_DRIVER_HOSTAP -DCONFIG_DRIVER_MADWIFI -DEAP_MD5 -DEAP_MSCHAPv2 -DEAP_GTC -DEAP_AUTHENTICATOR -DPKCS12_FUNCS   -c -o eap_mschapv2.o eap_mschapv2.c
gcc -MMD -O2 -Wall -g -DHOSTAPD_DUMP_STATE -I. -I. -I../utils -I. -I/works/wlan/atheros  -DCONFIG_IAPP -DCONFIG_RSN_PREAUTH -DCONFIG_DRIVER_HOSTAP -DCONFIG_DRIVER_MADWIFI -DEAP_MD5 -DEAP_MSCHAPv2 -DEAP_GTC -DEAP_AUTHENTICATOR -DPKCS12_FUNCS   -c -o eap_gtc.o eap_gtc.c
gcc -MMD -O2 -Wall -g -DHOSTAPD_DUMP_STATE -I. -I. -I../utils -I. -I/works/wlan/atheros  -DCONFIG_IAPP -DCONFIG_RSN_PREAUTH -DCONFIG_DRIVER_HOSTAP -DCONFIG_DRIVER_MADWIFI -DEAP_MD5 -DEAP_MSCHAPv2 -DEAP_GTC -DEAP_AUTHENTICATOR -DPKCS12_FUNCS   -c -o eap.o eap.c
gcc -MMD -O2 -Wall -g -DHOSTAPD_DUMP_STATE -I. -I. -I../utils -I. -I/works/wlan/atheros  -DCONFIG_IAPP -DCONFIG_RSN_PREAUTH -DCONFIG_DRIVER_HOSTAP -DCONFIG_DRIVER_MADWIFI -DEAP_MD5 -DEAP_MSCHAPv2 -DEAP_GTC -DEAP_AUTHENTICATOR -DPKCS12_FUNCS   -c -o eap_identity.o eap_identity.c
gcc -MMD -O2 -Wall -g -DHOSTAPD_DUMP_STATE -I. -I. -I../utils -I. -I/works/wlan/atheros  -DCONFIG_IAPP -DCONFIG_RSN_PREAUTH -DCONFIG_DRIVER_HOSTAP -DCONFIG_DRIVER_MADWIFI -DEAP_MD5 -DEAP_MSCHAPv2 -DEAP_GTC -DEAP_AUTHENTICATOR -DPKCS12_FUNCS   -c -o tls_none.o tls_none.c
gcc -MMD -O2 -Wall -g -DHOSTAPD_DUMP_STATE -I. -I. -I../utils -I. -I/works/wlan/atheros  -DCONFIG_IAPP -DCONFIG_RSN_PREAUTH -DCONFIG_DRIVER_HOSTAP -DCONFIG_DRIVER_MADWIFI -DEAP_MD5 -DEAP_MSCHAPv2 -DEAP_GTC -DEAP_AUTHENTICATOR -DPKCS12_FUNCS   -c -o ms_funcs.o ms_funcs.c
gcc -MMD -O2 -Wall -g -DHOSTAPD_DUMP_STATE -I. -I. -I../utils -I. -I/works/wlan/atheros  -DCONFIG_IAPP -DCONFIG_RSN_PREAUTH -DCONFIG_DRIVER_HOSTAP -DCONFIG_DRIVER_MADWIFI -DEAP_MD5 -DEAP_MSCHAPv2 -DEAP_GTC -DEAP_AUTHENTICATOR -DPKCS12_FUNCS   -c -o crypto.o crypto.c
gcc -o hostapd hostapd.o eloop.o ieee802_1x.o eapol_sm.o radius.o md5.o rc4.o common.o ieee802_11.o config.o ieee802_11_auth.o accounting.o sta_info.o radius_client.o sha1.o wpa.o aes_wrap.o ctrl_iface.o driver_conf.o iapp.o driver.o driver_madwifi.o ./l2_packet.o eap_md5.o eap_mschapv2.o eap_gtc.o eap.o eap_identity.o ./tls_none.o ./ms_funcs.o ./crypto.o -lcrypto
gcc -MMD -O2 -Wall -g -DHOSTAPD_DUMP_STATE -I. -I. -I../utils -I. -I/works/wlan/atheros  -DCONFIG_IAPP -DCONFIG_RSN_PREAUTH -DCONFIG_DRIVER_HOSTAP -DCONFIG_DRIVER_MADWIFI -DEAP_MD5 -DEAP_MSCHAPv2 -DEAP_GTC -DEAP_AUTHENTICATOR -DPKCS12_FUNCS   -c -o hostapd_cli.o hostapd_cli.c
gcc -MMD -O2 -Wall -g -DHOSTAPD_DUMP_STATE -I. -I. -I../utils -I. -I/works/wlan/atheros  -DCONFIG_IAPP -DCONFIG_RSN_PREAUTH -DCONFIG_DRIVER_HOSTAP -DCONFIG_DRIVER_MADWIFI -DEAP_MD5 -DEAP_MSCHAPv2 -DEAP_GTC -DEAP_AUTHENTICATOR -DPKCS12_FUNCS   -c -o hostapd_ctrl.o hostapd_ctrl.c
gcc -o hostapd_cli hostapd_cli.o hostapd_ctrl.o
